INFO:  latexindent version 3.15, 2022-01-21, a script to indent .tex files
       latexindent lives here: /usr/share/texlive/texmf-dist/scripts/latexindent/
       Fri Aug  2 15:23:24 2024
       Filename: theory.tex
INFO:  Processing switches:
       -w|--overwrite: Overwrite mode active, will make a back up of theory.tex first
INFO:  Directory for backup files and indent.log: .
INFO:  YAML settings read: defaultSettings.yaml
       Reading defaultSettings.yaml from /usr/share/texlive/texmf-dist/scripts/latexindent/defaultSettings.yaml
INFO:  YAML settings read: indentconfig.yaml or .indentconfig.yaml
       Home directory is /home/loerl (didn't find either indentconfig.yaml or .indentconfig.yaml)
       To specify user settings you would put indentconfig.yaml here: /home/loerl/indentconfig.yaml
       Alternatively, you can use the hidden file .indentconfig.yaml as: /home/loerl/.indentconfig.yaml
INFO:  Backup procedure (-w flag active):
       copying theory.tex to ./theory.bak0
       Backup file: ./theory.bak0
       theory.tex will be overwritten after indentation
INFO:  Phase 1: searching for objects
INFO:  Phase 2: finding surrounding indentation
INFO:  Phase 3: indenting objects
INFO:  Phase 4: final indentation check
INFO:  Output routine:
       Overwriting file theory.tex
       --------------
INFO:  Please direct all communication/issues to:
        https://github.com/cmhughes/latexindent.pl
